<?xml version="1.0" encoding="UTF-8"?>
<!-- Generated by org.testng.reporters.JUnitXMLReporter -->
<testsuite ignored="0" hostname="Mohammed-Windows" failures="0" tests="2" name="Error Validations Test" time="18.845" errors="0" timestamp="2025-04-22T20:24:25 IST">
  <testcase classname="rahulshettyacademy.Tests.ErrorValidationsTest" name="loginErrorValidation" time="2.314"/>
  <testcase classname="rahulshettyacademy.Tests.ErrorValidationsTest" name="productErrorValidation" time="9.281"/>
</testsuite> <!-- Error Validations Test -->
